<html>
<head>
<title>TestNG:  Test</title>
<link href="../testng.css" rel="stylesheet" type="text/css" />
<link href="../my-testng.css" rel="stylesheet" type="text/css" />

<style type="text/css">
.log { display: none;} 
.stack-trace { display: none;} 
</style>
<script type="text/javascript">
<!--
function flip(e) {
  current = e.style.display;
  if (current == 'block') {
    e.style.display = 'none';
    return 0;
  }
  else {
    e.style.display = 'block';
    return 1;
  }
}

function toggleBox(szDivId, elem, msg1, msg2)
{
  var res = -1;  if (document.getElementById) {
    res = flip(document.getElementById(szDivId));
  }
  else if (document.all) {
    // this is the way old msie versions work
    res = flip(document.all[szDivId]);
  }
  if(elem) {
    if(res == 0) elem.innerHTML = msg1; else elem.innerHTML = msg2;
  }

}

function toggleAllBoxes() {
  if (document.getElementsByTagName) {
    d = document.getElementsByTagName('div');
    for (i = 0; i < d.length; i++) {
      if (d[i].className == 'log') {
        flip(d[i]);
      }
    }
  }
}

// -->
</script>

</head>
<body>
<h2 align='center'>Test</h2><table border='1' align="center">
<tr>
<td>Tests passed/Failed/Skipped:</td><td>19/1/0</td>
</tr><tr>
<td>Started on:</td><td>Tue Jan 23 09:31:51 IST 2024</td>
</tr>
<tr><td>Total time:</td><td>306 seconds (306010 ms)</td>
</tr><tr>
<td>Included groups:</td><td></td>
</tr><tr>
<td>Excluded groups:</td><td></td>
</tr>
</table><p/>
<small><i>(Hover the method name to see the test class name)</i></small><p/>
<table width='100%' border='1' class='invocation-failed'>
<tr><td colspan='4' align='center'><b>FAILED TESTS</b></td></tr>
<tr><td><b>Test method</b></td>
<td width="30%"><b>Exception</b></td>
<td width="10%"><b>Time (seconds)</b></td>
<td><b>Instance</b></td>
</tr>
<tr>
<td title='TestCase.LoginPageTestCase.verifyErrorMessage()'><b>verifyErrorMessage</b><br>Test class: TestCase.LoginPageTestCase</td>
<td><div><pre>java.lang.AssertionError: The following asserts failed:
	expected [Warning: Your account has exceeded allowed number of login attempts. Please try again in 1 hour.] but found [Warning: No match for E-Mail Address and/or Password.]
	at Resources.CommonMethod.HandleSoftAssertion(CommonMethod.java:27)
	at TestCase.LoginPageTestCase.verifyErrorMessage(LoginPageTestCase.java:72)
	at java.base/java.util.ArrayList.forEach(ArrayList.java:1511)
... Removed 29 stack frames</pre></div><a href='#' onClick='toggleBox("stack-trace1222836602", this, "Click to show all stack frames", "Click to hide stack frames")'>Click to show all stack frames</a>
<div class='stack-trace' id='stack-trace1222836602'><pre>java.lang.AssertionError: The following asserts failed:
	expected [Warning: Your account has exceeded allowed number of login attempts. Please try again in 1 hour.] but found [Warning: No match for E-Mail Address and/or Password.]
	at org.testng.asserts.SoftAssert.assertAll(SoftAssert.java:47)
	at org.testng.asserts.SoftAssert.assertAll(SoftAssert.java:31)
	at Resources.CommonMethod.HandleSoftAssertion(CommonMethod.java:27)
	at TestCase.LoginPageTestCase.verifyErrorMessage(LoginPageTestCase.java:72)
	at java.base/jdk.internal.reflect.NativeMethodAccessorImpl.invoke0(Native Method)
	at java.base/jdk.internal.reflect.NativeMethodAccessorImpl.invoke(NativeMethodAccessorImpl.java:77)
	at java.base/jdk.internal.reflect.DelegatingMethodAccessorImpl.invoke(DelegatingMethodAccessorImpl.java:43)
	at java.base/java.lang.reflect.Method.invoke(Method.java:568)
	at org.testng.internal.MethodInvocationHelper.invokeMethod(MethodInvocationHelper.java:133)
	at org.testng.internal.TestInvoker.invokeMethod(TestInvoker.java:598)
	at org.testng.internal.TestInvoker.invokeTestMethod(TestInvoker.java:173)
	at org.testng.internal.MethodRunner.runInSequence(MethodRunner.java:46)
	at org.testng.internal.TestInvoker$MethodInvocationAgent.invoke(TestInvoker.java:824)
	at org.testng.internal.TestInvoker.invokeTestMethods(TestInvoker.java:146)
	at org.testng.internal.TestMethodWorker.invokeTestMethods(TestMethodWorker.java:146)
	at org.testng.internal.TestMethodWorker.run(TestMethodWorker.java:128)
	at java.base/java.util.ArrayList.forEach(ArrayList.java:1511)
	at org.testng.TestRunner.privateRun(TestRunner.java:794)
	at org.testng.TestRunner.run(TestRunner.java:596)
	at org.testng.SuiteRunner.runTest(SuiteRunner.java:377)
	at org.testng.SuiteRunner.runSequentially(SuiteRunner.java:371)
	at org.testng.SuiteRunner.privateRun(SuiteRunner.java:332)
	at org.testng.SuiteRunner.run(SuiteRunner.java:276)
	at org.testng.SuiteRunnerWorker.runSuite(SuiteRunnerWorker.java:53)
	at org.testng.SuiteRunnerWorker.run(SuiteRunnerWorker.java:96)
	at org.testng.TestNG.runSuitesSequentially(TestNG.java:1212)
	at org.testng.TestNG.runSuitesLocally(TestNG.java:1134)
	at org.testng.TestNG.runSuites(TestNG.java:1063)
	at org.testng.TestNG.run(TestNG.java:1031)
	at org.testng.remote.AbstractRemoteTestNG.run(AbstractRemoteTestNG.java:115)
	at org.testng.remote.RemoteTestNG.initAndRun(RemoteTestNG.java:251)
	at org.testng.remote.RemoteTestNG.main(RemoteTestNG.java:77)
</pre></div></td>
<td>3</td>
<td>TestCase.LoginPageTestCase@57a3af25</td></tr>
</table><p>
<table width='100%' border='1' class='invocation-passed'>
<tr><td colspan='4' align='center'><b>PASSED TESTS</b></td></tr>
<tr><td><b>Test method</b></td>
<td width="30%"><b>Exception</b></td>
<td width="10%"><b>Time (seconds)</b></td>
<td><b>Instance</b></td>
</tr>
<tr>
<td title='TestCase.LoginPageTestCase.verifyElementVisibility()'><b>verifyElementVisibility</b><br>Test class: TestCase.LoginPageTestCase</td>
<td></td>
<td>3</td>
<td>TestCase.LoginPageTestCase@57a3af25</td></tr>
<tr>
<td title='TestCase.HomePageTestCase.verifyIPhone_FeaturedSection()'><b>verifyIPhone_FeaturedSection</b><br>Test class: TestCase.HomePageTestCase</td>
<td></td>
<td>1</td>
<td>TestCase.HomePageTestCase@2b662a77</td></tr>
<tr>
<td title='TestCase.LoginPageTestCase.verifyTotalLinks()'><b>verifyTotalLinks</b><br>Test class: TestCase.LoginPageTestCase</td>
<td></td>
<td>2</td>
<td>TestCase.LoginPageTestCase@57a3af25</td></tr>
<tr>
<td title='TestCase.RegisterPageTest.verifyConfirmPasswordErrorText()'><b>verifyConfirmPasswordErrorText</b><br>Test class: TestCase.RegisterPageTest</td>
<td></td>
<td>27</td>
<td>TestCase.RegisterPageTest@8f4ea7c</td></tr>
<tr>
<td title='TestCase.HomePageTestCase.verifyAppleCinema30Product()'><b>verifyAppleCinema30Product</b><br>Test class: TestCase.HomePageTestCase</td>
<td></td>
<td>0</td>
<td>TestCase.HomePageTestCase@2b662a77</td></tr>
<tr>
<td title='TestCase.RegisterPageTest.verifyElementVisibilityForRegisterPage()'><b>verifyElementVisibilityForRegisterPage</b><br>Test class: TestCase.RegisterPageTest</td>
<td></td>
<td>10</td>
<td>TestCase.RegisterPageTest@8f4ea7c</td></tr>
<tr>
<td title='TestCase.HomePageTestCase.verifyMacBook_FeaturedSection()'><b>verifyMacBook_FeaturedSection</b><br>Test class: TestCase.HomePageTestCase</td>
<td></td>
<td>4</td>
<td>TestCase.HomePageTestCase@2b662a77</td></tr>
<tr>
<td title='TestCase.HomePageTestCase.verify_CanonEOS5D_Product()'><b>verify_CanonEOS5D_Product</b><br>Test class: TestCase.HomePageTestCase</td>
<td></td>
<td>0</td>
<td>TestCase.HomePageTestCase@2b662a77</td></tr>
<tr>
<td title='TestCase.RegisterPageTest.verifyCountOfHyperlink()'><b>verifyCountOfHyperlink</b><br>Test class: TestCase.RegisterPageTest</td>
<td></td>
<td>4</td>
<td>TestCase.RegisterPageTest@8f4ea7c</td></tr>
<tr>
<td title='TestCase.RegisterPageTest.verifyAllBottomLinks()'><b>verifyAllBottomLinks</b><br>Test class: TestCase.RegisterPageTest</td>
<td></td>
<td>17</td>
<td>TestCase.RegisterPageTest@8f4ea7c</td></tr>
<tr>
<td title='TestCase.RegisterPageTest.verifyRegisterFunctionality()'><b>verifyRegisterFunctionality</b><br>Test class: TestCase.RegisterPageTest</td>
<td></td>
<td>6</td>
<td>TestCase.RegisterPageTest@8f4ea7c</td></tr>
<tr>
<td title='TestCase.HomePageTestCase.verifyProductList_FeaturedSection()'><b>verifyProductList_FeaturedSection</b><br>Test class: TestCase.HomePageTestCase</td>
<td></td>
<td>2</td>
<td>TestCase.HomePageTestCase@2b662a77</td></tr>
<tr>
<td title='TestCase.RegisterPageTest.verifyErrorTextMessage()'><b>verifyErrorTextMessage</b><br>Test class: TestCase.RegisterPageTest</td>
<td></td>
<td>5</td>
<td>TestCase.RegisterPageTest@8f4ea7c</td></tr>
<tr>
<td title='TestCase.LoginPageTestCase.verifyLoginFunality()'><b>verifyLoginFunality</b><br>Test class: TestCase.LoginPageTestCase</td>
<td></td>
<td>4</td>
<td>TestCase.LoginPageTestCase@57a3af25</td></tr>
<tr>
<td title='TestCase.RegisterPageTest.verifyAllPlaceHolderText()'><b>verifyAllPlaceHolderText</b><br>Test class: TestCase.RegisterPageTest</td>
<td></td>
<td>4</td>
<td>TestCase.RegisterPageTest@8f4ea7c</td></tr>
<tr>
<td title='TestCase.LoginPageTestCase.verifyLoginPage_ElementVisibility()'><b>verifyLoginPage_ElementVisibility</b><br>Test class: TestCase.LoginPageTestCase</td>
<td></td>
<td>8</td>
<td>TestCase.LoginPageTestCase@57a3af25</td></tr>
<tr>
<td title='TestCase.RegisterPageTest.verifyAllTabsVisibility()'><b>verifyAllTabsVisibility</b><br>Test class: TestCase.RegisterPageTest</td>
<td></td>
<td>4</td>
<td>TestCase.RegisterPageTest@8f4ea7c</td></tr>
<tr>
<td title='TestCase.HomePageTestCase.verifyHomePage_ElementVisibility()'><b>verifyHomePage_ElementVisibility</b><br>Test class: TestCase.HomePageTestCase</td>
<td></td>
<td>3</td>
<td>TestCase.HomePageTestCase@2b662a77</td></tr>
<tr>
<td title='TestCase.RegisterPageTest.verifyBrokenLinks()'><b>verifyBrokenLinks</b><br>Test class: TestCase.RegisterPageTest</td>
<td></td>
<td>37</td>
<td>TestCase.RegisterPageTest@8f4ea7c</td></tr>
</table><p>
</body>
</html>