<?xml version="1.0" encoding="UTF-8"?>
<!-- Generated by org.testng.reporters.JUnitXMLReporter -->
<testsuite ignored="4" hostname="DESKTOP-HRT9N47" failures="1" tests="20" name="Test" time="306.01" errors="0" timestamp="2024-01-23T09:36:58 IST">
  <testcase classname="TestCase.RegisterPageTest" name="verifyAllPlaceHolderText" time="4.256"/>
  <testcase classname="TestCase.RegisterPageTest" name="verifyBrokenLinks" time="37.445"/>
  <testcase classname="TestCase.RegisterPageTest" name="verifyCountOfHyperlink" time="4.942"/>
  <testcase classname="TestCase.RegisterPageTest" name="verifyElementVisibilityForRegisterPage" time="10.278"/>
  <testcase classname="TestCase.RegisterPageTest" name="verifyAllTabsVisibility" time="4.746"/>
  <testcase classname="TestCase.RegisterPageTest" name="verifyAllBottomLinks" time="17.783"/>
  <testcase classname="TestCase.RegisterPageTest" name="verifyErrorTextMessage" time="5.42"/>
  <testcase classname="TestCase.RegisterPageTest" name="verifyConfirmPasswordErrorText" time="27.65"/>
  <testcase classname="TestCase.RegisterPageTest" name="verifyRegisterFunctionality" time="6.82"/>
  <testcase classname="TestCase.LoginPageTestCase" name="verifyElementVisibility" time="3.822"/>
  <testcase classname="TestCase.LoginPageTestCase" name="verifyTotalLinks" time="2.951"/>
  <testcase classname="TestCase.LoginPageTestCase" name="verifyErrorMessage" time="3.478">
    <failure type="java.lang.AssertionError" message="The following asserts failed:
	expected [Warning: Your account has exceeded allowed number of login attempts. Please try again in 1 hour.] but found [Warning: No match for E-Mail Address and/or Password.]">
      <![CDATA[java.lang.AssertionError: The following asserts failed:
expected [Warning: Your account has exceeded allowed number of login attempts. Please try again in 1 hour.] but found [Warning: No match for E-Mail Address and/or Password.]
at Resources.CommonMethod.HandleSoftAssertion(CommonMethod.java:27)
at TestCase.LoginPageTestCase.verifyErrorMessage(LoginPageTestCase.java:72)
at java.base/java.util.ArrayList.forEach(ArrayList.java:1511)
... Removed 29 stack frames]]>
    </failure>
  </testcase> <!-- verifyErrorMessage -->
  <testcase classname="TestCase.LoginPageTestCase" name="verifyLoginFunality" time="4.487"/>
  <testcase classname="TestCase.LoginPageTestCase" name="verifyLoginPage_ElementVisibility" time="8.076"/>
  <testcase classname="TestCase.HomePageTestCase" name="verifyHomePage_ElementVisibility" time="3.478"/>
  <testcase classname="TestCase.HomePageTestCase" name="verifyProductList_FeaturedSection" time="2.501"/>
  <testcase classname="TestCase.HomePageTestCase" name="verifyMacBook_FeaturedSection" time="4.618"/>
  <testcase classname="TestCase.HomePageTestCase" name="verifyIPhone_FeaturedSection" time="1.231"/>
  <testcase classname="TestCase.HomePageTestCase" name="verifyAppleCinema30Product" time="0.446"/>
  <testcase classname="TestCase.HomePageTestCase" name="verify_CanonEOS5D_Product" time="0.129"/>
  <testcase classname="Resources.BaseClass" name="@BeforeTest ExtentReport" time="0.0">
    <ignored/>
  </testcase> <!-- @BeforeTest ExtentReport -->
  <testcase classname="Resources.BaseClass" name="@BeforeTest ExtentReport" time="0.0">
    <ignored/>
  </testcase> <!-- @BeforeTest ExtentReport -->
  <testcase classname="Resources.BaseClass" name="@AfterTest endReport" time="0.0">
    <ignored/>
  </testcase> <!-- @AfterTest endReport -->
  <testcase classname="Resources.BaseClass" name="@AfterTest endReport" time="0.0">
    <ignored/>
  </testcase> <!-- @AfterTest endReport -->
</testsuite> <!-- Test -->
